<?xml version="1.0" encoding="UTF-8"?>
<!-- Generated by org.testng.reporters.JUnitReportReporter -->
<testsuite hostname="Oliver-PC" name="com.smart.advice.BeforeAdviceTest" tests="1" failures="0" timestamp="24 Jul 2014 15:08:46 GMT" time="0.539" errors="0">
  <testcase name="greet" time="0.539" classname="com.smart.advice.BeforeAdviceTest"/>
</testsuite> <!-- com.smart.advice.BeforeAdviceTest -->
