<?xml version="1.0" encoding="UTF-8"?>
<!-- Generated by org.testng.reporters.JUnitReportReporter -->
<testsuite hostname="Oliver-PC" name="com.smart.advisor.BeforeAdvisorTest" tests="1" failures="0" timestamp="26 Jul 2014 06:51:40 GMT" time="0.410" errors="0">
  <testcase name="greeting" time="0.410" classname="com.smart.advisor.BeforeAdvisorTest"/>
</testsuite> <!-- com.smart.advisor.BeforeAdvisorTest -->
