<?xml version="1.0" encoding="UTF-8"?>
<!-- Generated by org.testng.reporters.JUnitReportReporter -->
<testsuite hostname="Oliver-PC" name="com.smart.aspectj.AspectJProxyTest" tests="1" failures="0" timestamp="27 Jul 2014 08:14:41 GMT" time="0.272" errors="0">
  <testcase name="aspectJTest" time="0.272" classname="com.smart.aspectj.AspectJProxyTest"/>
</testsuite> <!-- com.smart.aspectj.AspectJProxyTest -->
